<?xml version="1.0" encoding="UTF-8"?>
<!-- Generated by org.testng.reporters.JUnitReportReporter -->
<testsuite hostname="US-PF3ZQCR7" failures="0" tests="1" name="runners.TestRunner" time="5.298" errors="0" timestamp="2025-04-24T10:33:03 EET" skipped="0">
  <testcase classname="runners.TestRunner" name="runScenario" time="5.298"/>
</testsuite> <!-- runners.TestRunner -->
